# JRE version: Java(TM) SE Runtime Environment (21.0.1+12) (build 21.0.1+12-LTS-29)
# Java VM: Java HotSpot(TM) 64-Bit Server VM (21.0.1+12-LTS-29, mixed mode, sharing, tiered, compressed oops, compressed class ptrs, g1 gc, windows-amd64)
GC Precious Log:
 CardTable entry size: 512
 Card Set container configuration: InlinePtr #cards 4 size 8 Array Of Cards #cards 16 size 48 Howl #buckets 8 coarsen threshold 3686 Howl Bitmap #cards 512 size 80 coarsen threshold 460 Card regions per heap region 1 cards per card region 4096
 CPUs: 12 total, 12 available
 Memory: 14188M
 Large Page Support: Disabled
 NUMA Support: Disabled
 Compressed Oops: Enabled (Zero based)
 Heap Region Size: 2M
 Heap Min Capacity: 8M
 Heap Initial Capacity: 222M
 Heap Max Capacity: 3G
 Pre-touch: Disabled
 Parallel Workers: 10
 Concurrent Workers: 3
 Concurrent Refinement Workers: 10
 Periodic GC: Disabled
Heap:
 garbage-first heap   total 262144K, used 117835K [0x0000000740000000, 0x0000000800000000)
  region size 2048K, 1 young (2048K), 1 survivors (2048K)
 Metaspace       used 76472K, committed 78848K, reserved 1179648K
  class space    used 10947K, committed 12096K, reserved 1048576K
GC Heap History (20 events):
Event: 8.868 GC heap after
{Heap after GC invocations=13 (full 0):
 garbage-first heap   total 143360K, used 66310K [0x0000000740000000, 0x0000000800000000)
  region size 2048K, 3 young (6144K), 3 survivors (6144K)
 Metaspace       used 50769K, committed 52544K, reserved 1114112K
  class space    used 7248K, committed 8128K, reserved 1048576K
}
Event: 11.318 GC heap before
{Heap before GC invocations=13 (full 0):
 garbage-first heap   total 143360K, used 125702K [0x0000000740000000, 0x0000000800000000)
  region size 2048K, 32 young (65536K), 3 survivors (6144K)
 Metaspace       used 60397K, committed 62336K, reserved 1114112K
  class space    used 8534K, committed 9536K, reserved 1048576K
}
Event: 11.325 GC heap after
{Heap after GC invocations=14 (full 0):
 garbage-first heap   total 143360K, used 72329K [0x0000000740000000, 0x0000000800000000)
  region size 2048K, 4 young (8192K), 4 survivors (8192K)
 Metaspace       used 60397K, committed 62336K, reserved 1114112K
  class space    used 8534K, committed 9536K, reserved 1048576K
}
Event: 11.861 GC heap before
{Heap before GC invocations=14 (full 0):
 garbage-first heap   total 143360K, used 125577K [0x0000000740000000, 0x0000000800000000)
  region size 2048K, 30 young (61440K), 4 survivors (8192K)
 Metaspace       used 63109K, committed 65152K, reserved 1114112K
  class space    used 8910K, committed 9920K, reserved 1048576K
}
Event: 11.870 GC heap after
{Heap after GC invocations=15 (full 0):
 garbage-first heap   total 143360K, used 79356K [0x0000000740000000, 0x0000000800000000)
  region size 2048K, 4 young (8192K), 4 survivors (8192K)
 Metaspace       used 63109K, committed 65152K, reserved 1114112K
  class space    used 8910K, committed 9920K, reserved 1048576K
}
Event: 12.313 GC heap before
{Heap before GC invocations=16 (full 0):
 garbage-first heap   total 143360K, used 122364K [0x0000000740000000, 0x0000000800000000)
  region size 2048K, 26 young (53248K), 4 survivors (8192K)
 Metaspace       used 64875K, committed 66944K, reserved 1114112K
  class space    used 9214K, committed 10240K, reserved 1048576K
}
Event: 12.320 GC heap after
{Heap after GC invocations=17 (full 0):
 garbage-first heap   total 143360K, used 84796K [0x0000000740000000, 0x0000000800000000)
  region size 2048K, 3 young (6144K), 3 survivors (6144K)
 Metaspace       used 64875K, committed 66944K, reserved 1114112K
  class space    used 9214K, committed 10240K, reserved 1048576K
}
Event: 13.577 GC heap before
{Heap before GC invocations=17 (full 0):
 garbage-first heap   total 165888K, used 162620K [0x0000000740000000, 0x0000000800000000)
  region size 2048K, 22 young (45056K), 3 survivors (6144K)
 Metaspace       used 68091K, committed 70144K, reserved 1114112K
  class space    used 9607K, committed 10624K, reserved 1048576K
}
Event: 13.582 GC heap after
{Heap after GC invocations=18 (full 0):
 garbage-first heap   total 178176K, used 87587K [0x0000000740000000, 0x0000000800000000)
  region size 2048K, 2 young (4096K), 2 survivors (4096K)
 Metaspace       used 68091K, committed 70144K, reserved 1114112K
  class space    used 9607K, committed 10624K, reserved 1048576K
}
Event: 13.679 GC heap before
{Heap before GC invocations=18 (full 0):
 garbage-first heap   total 178176K, used 97827K [0x0000000740000000, 0x0000000800000000)
  region size 2048K, 8 young (16384K), 2 survivors (4096K)
 Metaspace       used 68301K, committed 70400K, reserved 1114112K
  class space    used 9624K, committed 10624K, reserved 1048576K
}
Event: 13.682 GC heap after
{Heap after GC invocations=19 (full 0):
 garbage-first heap   total 178176K, used 88401K [0x0000000740000000, 0x0000000800000000)
  region size 2048K, 2 young (4096K), 2 survivors (4096K)
 Metaspace       used 68301K, committed 70400K, reserved 1114112K
  class space    used 9624K, committed 10624K, reserved 1048576K
}
Event: 13.714 GC heap before
{Heap before GC invocations=19 (full 0):
 garbage-first heap   total 178176K, used 110929K [0x0000000740000000, 0x0000000800000000)
  region size 2048K, 3 young (6144K), 2 survivors (4096K)
 Metaspace       used 68302K, committed 70400K, reserved 1114112K
  class space    used 9624K, committed 10624K, reserved 1048576K
}
Event: 13.716 GC heap after
{Heap after GC invocations=20 (full 0):
 garbage-first heap   total 178176K, used 88193K [0x0000000740000000, 0x0000000800000000)
  region size 2048K, 2 young (4096K), 2 survivors (4096K)
 Metaspace       used 68302K, committed 70400K, reserved 1114112K
  class space    used 9624K, committed 10624K, reserved 1048576K
}
Event: 14.525 GC heap before
{Heap before GC invocations=21 (full 0):
 garbage-first heap   total 204800K, used 202881K [0x0000000740000000, 0x0000000800000000)
  region size 2048K, 36 young (73728K), 2 survivors (4096K)
 Metaspace       used 73651K, committed 75904K, reserved 1114112K
  class space    used 10491K, committed 11584K, reserved 1048576K
}
Event: 14.533 GC heap after
{Heap after GC invocations=22 (full 0):
 garbage-first heap   total 215040K, used 109878K [0x0000000740000000, 0x0000000800000000)
  region size 2048K, 5 young (10240K), 5 survivors (10240K)
 Metaspace       used 73651K, committed 75904K, reserved 1114112K
  class space    used 10491K, committed 11584K, reserved 1048576K
}
Event: 15.221 GC heap before
{Heap before GC invocations=22 (full 0):
 garbage-first heap   total 225280K, used 224566K [0x0000000740000000, 0x0000000800000000)
  region size 2048K, 43 young (88064K), 5 survivors (10240K)
 Metaspace       used 76445K, committed 78784K, reserved 1179648K
  class space    used 10947K, committed 12096K, reserved 1048576K
}
Event: 15.231 GC heap after
{Heap after GC invocations=23 (full 0):
 garbage-first heap   total 247808K, used 117303K [0x0000000740000000, 0x0000000800000000)
  region size 2048K, 5 young (10240K), 5 survivors (10240K)
 Metaspace       used 76445K, committed 78784K, reserved 1179648K
  class space    used 10947K, committed 12096K, reserved 1048576K
}
Event: 15.236 GC heap before
{Heap before GC invocations=23 (full 0):
 garbage-first heap   total 247808K, used 117303K [0x0000000740000000, 0x0000000800000000)
  region size 2048K, 6 young (12288K), 5 survivors (10240K)
 Metaspace       used 76445K, committed 78784K, reserved 1179648K
  class space    used 10947K, committed 12096K, reserved 1048576K
}
Event: 15.241 GC heap after
{Heap after GC invocations=24 (full 0):
 garbage-first heap   total 247808K, used 118382K [0x0000000740000000, 0x0000000800000000)
  region size 2048K, 1 young (2048K), 1 survivors (2048K)
 Metaspace       used 76445K, committed 78784K, reserved 1179648K
  class space    used 10947K, committed 12096K, reserved 1048576K
}
Event: 15.299 GC heap before
{Heap before GC invocations=24 (full 0):
 garbage-first heap   total 247808K, used 134766K [0x0000000740000000, 0x0000000800000000)
  region size 2048K, 4 young (8192K), 1 survivors (2048K)
 Metaspace       used 76472K, committed 78848K, reserved 1179648K
  class space    used 10947K, committed 12096K, reserved 1048576K
}

